<?xml version="1.0" encoding="UTF-8"?>
<testng-results skipped="0" failed="0" ignored="0" total="1" passed="1">
  <reporter-output>
  </reporter-output>
  <suite name="Default suite" duration-ms="23393" started-at="2018-08-18T13:49:26Z" finished-at="2018-08-18T13:49:49Z">
    <groups>
    </groups>
    <test name="Default test" duration-ms="23393" started-at="2018-08-18T13:49:26Z" finished-at="2018-08-18T13:49:49Z">
      <class name="test.java.testPage.WebPageTest">
        <test-method status="PASS" signature="setup()[pri:0, instance:test.java.testPage.WebPageTest@1a968a59]" name="setup" is-config="true" duration-ms="8020" started-at="2018-08-18T19:19:26Z" finished-at="2018-08-18T19:19:34Z">
          <reporter-output>
          </reporter-output>
        </test-method> <!-- setup -->
        <test-method status="PASS" signature="test()[pri:0, instance:test.java.testPage.WebPageTest@1a968a59]" name="test" duration-ms="10143" started-at="2018-08-18T19:19:34Z" finished-at="2018-08-18T19:19:44Z">
          <reporter-output>
          </reporter-output>
        </test-method> <!-- test -->
        <test-method status="PASS" signature="closeTest()[pri:0, instance:test.java.testPage.WebPageTest@1a968a59]" name="closeTest" is-config="true" duration-ms="5202" started-at="2018-08-18T19:19:44Z" finished-at="2018-08-18T19:19:49Z">
          <reporter-output>
          </reporter-output>
        </test-method> <!-- closeTest -->
      </class> <!-- test.java.testPage.WebPageTest -->
    </test> <!-- Default test -->
  </suite> <!-- Default suite -->
</testng-results>
